<?xml version="1.0" encoding="UTF-8"?>
<!-- Generated by org.testng.reporters.JUnitReportReporter -->
<testsuite hostname="Shihab" name="variousConcepts.TestClass" tests="1" failures="0" timestamp="25 Jun 2023 17:24:58 GMT" time="10.023" errors="0">
  <testcase name="addCustomer" time="10.023" classname="variousConcepts.TestClass"/>
</testsuite> <!-- variousConcepts.TestClass -->
